<?xml version="1.0" encoding="UTF-8"?>
<testsuite name="counterci.CounterTest" tests="2" skipped="0" failures="0" errors="0" timestamp="2020-02-25T20:21:24" hostname="golem-2.local" time="0.018">
  <properties/>
  <testcase name="testIncrement()" classname="counterci.CounterTest" time="0.015"/>
  <testcase name="testDecrement()" classname="counterci.CounterTest" time="0.001"/>
  <system-out><![CDATA[]]></system-out>
  <system-err><![CDATA[]]></system-err>
</testsuite>
