<?xml version="1.0" encoding="UTF-8"?>
<testsuite name="counterci.CounterTest" tests="2" skipped="0" failures="0" errors="0" timestamp="2020-02-24T21:19:37" hostname="golem-2.local" time="0.036">
  <properties/>
  <testcase name="testIncrement()" classname="counterci.CounterTest" time="0.022"/>
  <testcase name="testDecrement()" classname="counterci.CounterTest" time="0.002"/>
  <system-out><![CDATA[]]></system-out>
  <system-err><![CDATA[]]></system-err>
</testsuite>
